<?xml version="1.0" encoding="UTF-8"?>
<!-- Generated by org.testng.reporters.JUnitXMLReporter -->
<testsuite hostname="Md-Enamul-Hoque" name="Parallel class Testing" tests="3" failures="0" timestamp="14 Mar 2016 02:10:25 GMT" time="98.819" errors="0">
  <testcase name="TC1_testOnFaceBook" time="28.214" classname="package1.GitHubJenkinsTest"/>
  <testcase name="TC2_testOnGoogle" time="35.363" classname="package1.GitHubJenkinsTest"/>
  <testcase name="TC3_testOnYahoo" time="35.129" classname="package1.GitHubJenkinsTest"/>
</testsuite> <!-- Parallel class Testing -->
