<?xml version="1.0" encoding="UTF-8"?>
<testng-results skipped="0" failed="0" total="3" passed="3">
  <reporter-output>
    <line>
      <![CDATA[Title for Facebook: Facebook - Log In or Sign Up]]>
    </line>
    <line>
      <![CDATA[Title for Google: Google]]>
    </line>
    <line>
      <![CDATA[Title for Yahoo: Yahoo]]>
    </line>
  </reporter-output>
  <suite name="Parallal Class Execution" duration-ms="72254" started-at="2016-04-11T02:05:48Z" finished-at="2016-04-11T02:07:01Z">
    <groups>
    </groups>
    <test name="Parallel class Testing" duration-ms="72254" started-at="2016-04-11T02:05:48Z" finished-at="2016-04-11T02:07:01Z">
      <class name="package1.GitHubJenkinsTest">
        <test-method status="PASS" signature="TC1_testOnFaceBook()[pri:0, instance:package1.GitHubJenkinsTest@66048bfd]" name="TC1_testOnFaceBook" duration-ms="29348" started-at="2016-04-10T22:05:49Z" finished-at="2016-04-10T22:06:18Z">
          <reporter-output>
            <line>
              <![CDATA[Title for Facebook: Facebook - Log In or Sign Up]]>
            </line>
          </reporter-output>
        </test-method> <!-- TC1_testOnFaceBook -->
        <test-method status="PASS" signature="TC2_testOnGoogle()[pri:1, instance:package1.GitHubJenkinsTest@66048bfd]" name="TC2_testOnGoogle" duration-ms="19439" started-at="2016-04-10T22:06:18Z" finished-at="2016-04-10T22:06:37Z">
          <reporter-output>
            <line>
              <![CDATA[Title for Google: Google]]>
            </line>
          </reporter-output>
        </test-method> <!-- TC2_testOnGoogle -->
        <test-method status="PASS" signature="TC3_testOnYahoo()[pri:2, instance:package1.GitHubJenkinsTest@66048bfd]" name="TC3_testOnYahoo" duration-ms="23381" started-at="2016-04-10T22:06:37Z" finished-at="2016-04-10T22:07:01Z">
          <reporter-output>
            <line>
              <![CDATA[Title for Yahoo: Yahoo]]>
            </line>
          </reporter-output>
        </test-method> <!-- TC3_testOnYahoo -->
      </class> <!-- package1.GitHubJenkinsTest -->
    </test> <!-- Parallel class Testing -->
  </suite> <!-- Parallal Class Execution -->
</testng-results>
